D:\PyConds\Miniconda3\envs\Kaggle\ElectricMotors\python.exe D:\PyCharm\helpers\pydev\pydevd.py --multiproc --qt-support=auto --client 127.0.0.1 --port 52576 --file "D:/R&D/Digital Twin/ElectricMotors/Models/Kaggle/kernel_starter_control_schedule.py"
pydev debugger: process 8300 is connecting

Connected to pydev debugger (build 191.7479.30)
original dataset: 
(40963202, 7)
        id_k       iq_k  epsilon_k  n_k  n_1k      id_k1      iq_k1
0  -81.45802  229.52930   2.240254    5     6 -105.73820  167.36170
1 -140.68210  112.42340  -1.610116    7     2 -174.89710  128.22370
2 -127.07240  171.74380  -1.971891    4     7  -92.96102  126.60810
3  -42.27880  120.14950   1.300341    2     7  -82.23310  124.33790
4  -48.02003   10.97132  -1.778834    1     4  -45.73148   11.60761
number of control transition models:  49

<<<__________________
model idx =  0 	model df shape =  (2210498, 7)
features data of control model
(2210498, 11)
          id_k       iq_k      id_k1  ...      sin_id      cos_iq      cos_id
25   -57.50961  197.40340  -46.47501  ...   46.969944 -113.905130   33.184026
55  -139.45580   99.12979 -129.99890  ...  -36.062890   95.757912 -134.712242
63  -188.95310   79.93142 -180.36240  ... -185.174345  -15.905512   37.599679
82   -87.02477   67.83820  -79.66691  ...  -18.359591   66.311338  -85.066068
136  -24.87260  169.58850  -15.93452  ...   24.069546  -42.745373    6.269226

[5 rows x 11 columns]
training set idx:  [      0       1       4 ... 2210495 2210496 2210497] X:  (1768398, 9) y:  (1768398, 2)
training set idx:  [      0       1       2 ... 2210492 2210496 2210497] X:  (1768398, 9) y:  (1768398, 2)
training set idx:  [      0       1       2 ... 2210495 2210496 2210497] X:  (1768398, 9) y:  (1768398, 2)
training set idx:  [      1       2       3 ... 2210493 2210494 2210495] X:  (1768399, 9) y:  (1768399, 2)
training set idx:  [      0       2       3 ... 2210495 2210496 2210497] X:  (1768399, 9) y:  (1768399, 2)
MSE:
Scores Mean: 0.4593 +- 0.0019
Scores Min: 0.4578, Scores Max: 0.4603
__________________>>>


<<<__________________
model idx =  1 	model df shape =  (1047993, 7)
features data of control model
(1047993, 11)
           id_k        iq_k       id_k1  ...     sin_id     cos_iq      cos_id
16   -49.233520   50.990940  -45.705570  ...  48.687636  -7.572174    7.311197
57   -82.667940  178.447100  -67.569410  ... -71.096889  91.051539  -42.180810
85  -213.811000    4.835215 -209.046400  ...  76.481538   4.515289 -199.664013
104   -6.312144    0.471080   -6.247582  ...  -3.343825  -0.399550    5.353690
153  -63.669980  172.116800  -50.630540  ... -60.983191 -49.471721   18.300732

[5 rows x 11 columns]
training set idx:  [      0       1       2 ... 1047990 1047991 1047992] X:  (838394, 9) y:  (838394, 2)
training set idx:  [      0       1       2 ... 1047989 1047991 1047992] X:  (838394, 9) y:  (838394, 2)
training set idx:  [      1       2       4 ... 1047989 1047990 1047991] X:  (838394, 9) y:  (838394, 2)
training set idx:  [      0       2       3 ... 1047986 1047990 1047992] X:  (838395, 9) y:  (838395, 2)
training set idx:  [      0       1       3 ... 1047990 1047991 1047992] X:  (838395, 9) y:  (838395, 2)
MSE:
Scores Mean: 0.6881 +- 0.0035
Scores Min: 0.6858, Scores Max: 0.6904
__________________>>>


<<<__________________
model idx =  2 	model df shape =  (1040018, 7)
features data of control model
(1040018, 11)
          id_k        iq_k      id_k1  ...      sin_id      cos_iq      cos_id
17  -239.40170   42.157840 -234.89930  ... -177.357923   28.316727 -160.802180
80   -25.43978    3.392583  -24.76005  ...  -10.315546    3.101160  -23.254503
113 -143.18480  121.157000 -128.97060  ...  143.183892   -0.431400    0.509833
135 -174.36080  112.371900 -162.13880  ...  168.218798  -29.562734   45.870738
158  -46.35283  208.558200  -30.98845  ...   34.170269  140.922571  -31.320562

[5 rows x 11 columns]
training set idx:  [      0       1       2 ... 1040014 1040015 1040017] X:  (832014, 9) y:  (832014, 2)
training set idx:  [      0       1       2 ... 1040013 1040014 1040016] X:  (832014, 9) y:  (832014, 2)
training set idx:  [      1       2       4 ... 1040015 1040016 1040017] X:  (832014, 9) y:  (832014, 2)
training set idx:  [      0       2       3 ... 1040015 1040016 1040017] X:  (832015, 9) y:  (832015, 2)
training set idx:  [      0       1       3 ... 1040015 1040016 1040017] X:  (832015, 9) y:  (832015, 2)
MSE:
Scores Mean: 0.6958 +- 0.0023
Scores Min: 0.6942, Scores Max: 0.6972
__________________>>>


<<<__________________
model idx =  3 	model df shape =  (1061976, 7)
features data of control model
(1061976, 11)
          id_k        iq_k      id_k1  ...     sin_id      cos_iq      cos_id
4    -48.02003   10.971320  -45.73148  ...  46.984627   -2.266020    9.918071
90   -32.63393    4.481813  -29.48359  ... -31.477988    1.182284   -8.608695
148 -106.33500   41.808090 -102.80820  ... -52.121659  -36.441179   92.684761
156 -133.65880  177.255000 -120.22900  ...  -9.364542  176.819407 -133.330342
255 -104.10650  193.667900  -89.23463  ...  53.683327  165.933618  -89.197891

[5 rows x 11 columns]
training set idx:  [      0       1       2 ... 1061973 1061974 1061975] X:  (849580, 9) y:  (849580, 2)
training set idx:  [      0       1       2 ... 1061972 1061974 1061975] X:  (849581, 9) y:  (849581, 2)
training set idx:  [      1       2       4 ... 1061972 1061973 1061975] X:  (849581, 9) y:  (849581, 2)
training set idx:  [      0       2       3 ... 1061972 1061973 1061974] X:  (849581, 9) y:  (849581, 2)
training set idx:  [      0       1       3 ... 1061973 1061974 1061975] X:  (849581, 9) y:  (849581, 2)
MSE:
Scores Mean: 0.7902 +- 0.0052
Scores Min: 0.7870, Scores Max: 0.7939
__________________>>>


<<<__________________
model idx =  4 	model df shape =  (1015482, 7)
features data of control model
(1015482, 11)
          id_k        iq_k       id_k1  ...      sin_id      cos_iq      cos_id
115 -162.34760   22.851070 -158.092800  ...  162.154789   -1.113358    7.909961
165  -64.68871   60.985550  -60.694820  ...   50.426944   38.199027  -40.518546
226  -15.52456   67.768460   -7.358504  ...    6.388235  -61.765076   14.149290
239 -168.95330    4.951246 -169.945400  ...  -58.340870    4.646693 -158.560905
266 -143.49250  154.670900 -128.064800  ...   47.233860 -146.051033  135.495609

[5 rows x 11 columns]
training set idx:  [      0       1       2 ... 1015479 1015480 1015481] X:  (812385, 9) y:  (812385, 2)
training set idx:  [      0       1       2 ... 1015478 1015480 1015481] X:  (812385, 9) y:  (812385, 2)
training set idx:  [      1       2       4 ... 1015477 1015478 1015479] X:  (812386, 9) y:  (812386, 2)
training set idx:  [      0       2       3 ... 1015479 1015480 1015481] X:  (812386, 9) y:  (812386, 2)
training set idx:  [      0       1       3 ... 1015479 1015480 1015481] X:  (812386, 9) y:  (812386, 2)
MSE:
Scores Mean: 0.6651 +- 0.0021
Scores Min: 0.6634, Scores Max: 0.6665
__________________>>>


<<<__________________
model idx =  5 	model df shape =  (1039028, 7)
features data of control model
(1039028, 11)
          id_k       iq_k      id_k1  ...     sin_id      cos_iq     cos_id
23   -9.013615  182.11270   1.509355  ...  -8.774497  -41.668958   2.062393
79  -57.195440  152.09700 -48.560990  ... -33.882925  122.535356 -46.078908
141 -80.338990  140.53300 -67.868450  ...   0.361657 -140.531576  80.338176
143 -97.341160  157.26860 -85.765240  ...  59.990896 -123.851409  76.657641
159 -59.778310   54.79452 -56.343700  ...  55.806228   19.640497 -21.426882

[5 rows x 11 columns]
training set idx:  [      0       1       2 ... 1039024 1039026 1039027] X:  (831222, 9) y:  (831222, 2)
training set idx:  [      0       1       2 ... 1039024 1039025 1039026] X:  (831222, 9) y:  (831222, 2)
training set idx:  [      1       2       4 ... 1039023 1039025 1039027] X:  (831222, 9) y:  (831222, 2)
training set idx:  [      0       2       3 ... 1039025 1039026 1039027] X:  (831223, 9) y:  (831223, 2)
training set idx:  [      0       1       3 ... 1039025 1039026 1039027] X:  (831223, 9) y:  (831223, 2)
MSE:
Scores Mean: 0.7892 +- 0.0021
Scores Min: 0.7875, Scores Max: 0.7904
__________________>>>


<<<__________________
model idx =  6 	model df shape =  (1031871, 7)
features data of control model
(1031871, 11)
          id_k       iq_k       id_k1  ...      sin_id      cos_iq      cos_id
31   -11.09004   54.51558   -5.329863  ...    9.640509   26.946764   -5.481748
130 -183.13860  123.33290 -169.206000  ...   66.693448 -114.863973  170.562982
224 -111.30990   45.93398 -102.462200  ...   24.203410  -44.834932  108.646623
273 -134.13980  170.28380 -119.513200  ...   68.379878  146.497407 -115.402246
313 -180.15630   27.09093 -172.648300  ...  167.634852   -9.923411   65.991278

[5 rows x 11 columns]
training set idx:  [      0       1       2 ... 1031868 1031869 1031870] X:  (825496, 9) y:  (825496, 2)
training set idx:  [      0       1       2 ... 1031863 1031865 1031866] X:  (825497, 9) y:  (825497, 2)
training set idx:  [      1       2       4 ... 1031868 1031869 1031870] X:  (825497, 9) y:  (825497, 2)
training set idx:  [      0       2       3 ... 1031868 1031869 1031870] X:  (825497, 9) y:  (825497, 2)
training set idx:  [      0       1       3 ... 1031868 1031869 1031870] X:  (825497, 9) y:  (825497, 2)
MSE:
Scores Mean: 0.7920 +- 0.0052
Scores Min: 0.7883, Scores Max: 0.7961
__________________>>>


<<<__________________
model idx =  7 	model df shape =  (1053721, 7)
features data of control model
(1053721, 11)
          id_k      iq_k       id_k1  ...      sin_id      cos_iq      cos_id
52   -79.90392  185.6523  -18.861350  ...   58.861837 -125.550304   54.036290
92  -166.97720  137.7485 -103.618800  ...  129.522121  -86.935451  105.382187
259  -48.42549  234.6295  -88.971160  ...  -43.341133  104.657168  -21.600330
265  -71.28671  209.5726  -31.424370  ...  -14.001800 -205.490293   69.898102
309  -44.97280  173.9239    4.114267  ...    6.143785 -172.293320   44.551169

[5 rows x 11 columns]
training set idx:  [      0       1       2 ... 1053718 1053719 1053720] X:  (842976, 9) y:  (842976, 2)
training set idx:  [      0       1       2 ... 1053716 1053717 1053720] X:  (842977, 9) y:  (842977, 2)
training set idx:  [      1       2       4 ... 1053718 1053719 1053720] X:  (842977, 9) y:  (842977, 2)
training set idx:  [      0       2       3 ... 1053717 1053718 1053719] X:  (842977, 9) y:  (842977, 2)
training set idx:  [      0       1       3 ... 1053718 1053719 1053720] X:  (842977, 9) y:  (842977, 2)
MSE:
Scores Mean: 8.5927 +- 0.0582
Scores Min: 8.5673, Scores Max: 8.6487
__________________>>>


<<<__________________
model idx =  8 	model df shape =  (706595, 7)
features data of control model
(706595, 11)
          id_k       iq_k      id_k1  ...      sin_id      cos_iq      cos_id
12   -49.58506  107.80920  -69.80007  ...  -48.480301  -22.630626   10.408582
19  -163.77430   30.52222 -188.36620  ... -159.307656   -7.079742   37.988054
75   -87.78850  178.90620 -124.76550  ...  -79.548702   75.673233  -37.132529
91   -14.60377  151.18100   11.88083  ...   -5.583191 -139.696303   13.494372
105 -217.01320   94.45599 -232.99130  ...  -42.961040   92.586618 -212.718307

[5 rows x 11 columns]
training set idx:  [     0      1      2 ... 706589 706590 706592] X:  (565276, 9) y:  (565276, 2)
training set idx:  [     1      2      4 ... 706592 706593 706594] X:  (565276, 9) y:  (565276, 2)
training set idx:  [     0      1      2 ... 706591 706593 706594] X:  (565276, 9) y:  (565276, 2)
training set idx:  [     0      2      3 ... 706592 706593 706594] X:  (565276, 9) y:  (565276, 2)
training set idx:  [     0      1      3 ... 706592 706593 706594] X:  (565276, 9) y:  (565276, 2)
MSE:
Scores Mean: 5.8969 +- 0.0711
Scores Min: 5.8265, Scores Max: 5.9211
__________________>>>


<<<__________________
model idx =  9 	model df shape =  (586896, 7)
features data of control model
(586896, 11)
           id_k       iq_k      id_k1  ...      sin_id      cos_iq      cos_id
45    -2.792809   56.80804  -12.69726  ...   -2.317693  -31.695677    1.558230
89  -166.258400   80.79343 -109.77620  ...  158.750113  -24.005471   49.398958
114  -27.880550   83.46818  -64.70614  ...  -26.551003   25.468120   -8.507017
203 -173.188800   88.37281 -192.62500  ...  -52.643163   84.191319 -164.994115
439 -186.718300  125.23950 -217.27780  ... -111.332435  100.541301 -149.896006

[5 rows x 11 columns]
training set idx:  [     0      1      2 ... 586890 586891 586893] X:  (469516, 9) y:  (469516, 2)
training set idx:  [     1      2      4 ... 586892 586894 586895] X:  (469517, 9) y:  (469517, 2)
training set idx:  [     0      1      2 ... 586893 586894 586895] X:  (469517, 9) y:  (469517, 2)
training set idx:  [     0      2      3 ... 586893 586894 586895] X:  (469517, 9) y:  (469517, 2)
training set idx:  [     0      1      3 ... 586893 586894 586895] X:  (469517, 9) y:  (469517, 2)
MSE:
Scores Mean: 5.6771 +- 0.0463
Scores Min: 5.6528, Scores Max: 5.7168
__________________>>>


<<<__________________
model idx =  10 	model df shape =  (563738, 7)
features data of control model
(563738, 11)
          id_k        iq_k      id_k1  ...      sin_id      cos_iq      cos_id
94  -135.65960  105.092700 -168.01030  ... -134.601624   13.099415  -16.909465
171  -60.03278   99.819370  -31.32274  ...   -7.451967  -99.047343   59.568472
191 -158.02930  148.665200 -179.24150  ...  -54.496452  139.545734 -148.335419
201  -29.45679   66.356730  -14.00293  ...   -7.756949  -64.014667   28.417112
258 -148.57660    7.693312 -131.18530  ...  110.595944    5.137344  -99.214633

[5 rows x 11 columns]
training set idx:  [     0      1      2 ... 563732 563735 563736] X:  (450990, 9) y:  (450990, 2)
training set idx:  [     1      2      4 ... 563735 563736 563737] X:  (450990, 9) y:  (450990, 2)
training set idx:  [     0      2      3 ... 563733 563734 563737] X:  (450990, 9) y:  (450990, 2)
training set idx:  [     0      1      2 ... 563735 563736 563737] X:  (450991, 9) y:  (450991, 2)
training set idx:  [     0      1      3 ... 563735 563736 563737] X:  (450991, 9) y:  (450991, 2)
MSE:
Scores Mean: 6.7550 +- 0.0546
Scores Min: 6.7084, Scores Max: 6.7909
__________________>>>


<<<__________________
model idx =  11 	model df shape =  (634585, 7)
features data of control model
(634585, 11)
          id_k       iq_k       id_k1  ...      sin_id      cos_iq      cos_id
26  -116.76640  114.23850 -153.743000  ... -112.119215   31.907944  -32.614011
103 -158.44260   72.70052 -153.706300  ...  -99.378737  -56.622092  123.401475
195 -105.58030  168.76010  -47.777810  ...   43.331599 -153.892243   96.278618
207 -214.23920   23.51765 -228.582100  ...   40.333205   23.097125 -210.408335
269  -24.40806   48.38054   -6.770947  ...   -7.714294  -45.900592   23.156922

[5 rows x 11 columns]
training set idx:  [     0      1      2 ... 634580 634583 634584] X:  (507668, 9) y:  (507668, 2)
training set idx:  [     1      2      4 ... 634582 634583 634584] X:  (507668, 9) y:  (507668, 2)
training set idx:  [     0      1      2 ... 634581 634582 634584] X:  (507668, 9) y:  (507668, 2)
training set idx:  [     0      2      3 ... 634581 634582 634583] X:  (507668, 9) y:  (507668, 2)
training set idx:  [     0      1      3 ... 634582 634583 634584] X:  (507668, 9) y:  (507668, 2)
MSE:
Scores Mean: 6.8477 +- 0.0626
Scores Min: 6.7977, Scores Max: 6.8966
__________________>>>


<<<__________________
model idx =  12 	model df shape =  (593304, 7)
features data of control model
(593304, 11)
          id_k       iq_k       id_k1  ...      sin_id      cos_iq     cos_id
18  -107.99150  195.41670  -93.595760  ...  -64.047318 -157.338867  86.948865
83   -64.47827   49.43532  -63.615410  ...  -45.430902  -35.079906  45.754567
124 -161.88000   98.41045 -183.740500  ... -155.038171  -28.307902  46.565006
132  -28.48418   74.33126    7.440916  ...    3.267182  -73.840673  28.296184
186  -12.68980   65.38975    2.794638  ...   -4.424814  -61.285751  11.893361

[5 rows x 11 columns]
training set idx:  [     0      1      2 ... 593299 593301 593302] X:  (474643, 9) y:  (474643, 2)
training set idx:  [     1      2      4 ... 593300 593302 593303] X:  (474643, 9) y:  (474643, 2)
training set idx:  [     0      1      2 ... 593301 593302 593303] X:  (474643, 9) y:  (474643, 2)
training set idx:  [     0      2      3 ... 593300 593301 593303] X:  (474643, 9) y:  (474643, 2)
training set idx:  [     0      1      3 ... 593301 593302 593303] X:  (474644, 9) y:  (474644, 2)
MSE:
Scores Mean: 8.4052 +- 0.0586
Scores Min: 8.3521, Scores Max: 8.4287
__________________>>>


<<<__________________
model idx =  13 	model df shape =  (1256269, 7)
features data of control model
(1256269, 11)
          id_k        iq_k      id_k1  ...      sin_id     cos_iq      cos_id
3    -42.27880  120.149500  -82.23310  ...  -40.741938  32.100371  -11.295637
24  -191.71850    2.596387 -233.99820  ... -190.437877   0.299596  -22.122343
34   -96.06038   38.402500  -45.73318  ...   81.124266 -20.565868   51.443659
77  -180.45540   56.629630 -221.75910  ... -140.901759  35.380264 -112.742387
109 -200.40700   77.100680 -139.60170  ...  182.777508 -31.620534   82.190926

[5 rows x 11 columns]
training set idx:  [      0       1       2 ... 1256264 1256266 1256268] X:  (1005015, 9) y:  (1005015, 2)
training set idx:  [      0       1       2 ... 1256265 1256267 1256268] X:  (1005015, 9) y:  (1005015, 2)
training set idx:  [      0       1       2 ... 1256266 1256267 1256268] X:  (1005015, 9) y:  (1005015, 2)
training set idx:  [      1       2       3 ... 1256265 1256266 1256267] X:  (1005015, 9) y:  (1005015, 2)
training set idx:  [      0       3       4 ... 1256266 1256267 1256268] X:  (1005016, 9) y:  (1005016, 2)
MSE:
Scores Mean: 7.3287 +- 0.0289
Scores Min: 7.3104, Scores Max: 7.3493
__________________>>>


<<<__________________
model idx =  14 	model df shape =  (1039340, 7)
features data of control model
(1039340, 11)
         id_k       iq_k      id_k1  ...      sin_id     cos_iq      cos_id
9    -19.2733   29.37463  -50.30427  ...   17.246583  13.112260   -8.603224
46  -120.1239   92.36177 -157.20920  ...  102.659877  47.959732  -62.375484
50  -118.5916   74.94057  -79.43528  ...  -22.417534 -73.589470  116.453518
174 -157.8101  144.29080  -97.94495  ... -115.818956 -98.008515  107.191404
229 -137.4408   49.48795 -166.52580  ...   60.582173  44.420955 -123.368448

[5 rows x 11 columns]
training set idx:  [      0       1       2 ... 1039337 1039338 1039339] X:  (831472, 9) y:  (831472, 2)
training set idx:  [      0       1       2 ... 1039333 1039334 1039339] X:  (831472, 9) y:  (831472, 2)
training set idx:  [      1       2       4 ... 1039337 1039338 1039339] X:  (831472, 9) y:  (831472, 2)
training set idx:  [      0       2       3 ... 1039336 1039337 1039338] X:  (831472, 9) y:  (831472, 2)
training set idx:  [      0       1       3 ... 1039337 1039338 1039339] X:  (831472, 9) y:  (831472, 2)
MSE:
Scores Mean: 8.3700 +- 0.0294
Scores Min: 8.3480, Scores Max: 8.3937
__________________>>>


<<<__________________
model idx =  15 	model df shape =  (640841, 7)
features data of control model
(640841, 11)
          id_k       iq_k      id_k1  ...      sin_id      cos_iq      cos_id
117 -179.86490   94.00203 -127.65510  ...  -93.335587  -80.355050  153.752562
163 -135.62790  133.96600 -107.65140  ...  -86.721340  103.002304 -104.280087
194  -65.44045  132.29030  -68.54068  ...  -12.455847  129.871834  -64.244100
245  -92.38950  144.30950  -64.45138  ...  -60.957191  108.442033  -69.426512
272 -205.76880   97.47131 -147.53740  ... -204.977098   -8.542103   18.032982

[5 rows x 11 columns]
training set idx:  [     0      1      2 ... 640838 640839 640840] X:  (512672, 9) y:  (512672, 2)
training set idx:  [     1      2      4 ... 640837 640838 640839] X:  (512673, 9) y:  (512673, 2)
training set idx:  [     0      1      2 ... 640836 640837 640840] X:  (512673, 9) y:  (512673, 2)
training set idx:  [     0      2      3 ... 640838 640839 640840] X:  (512673, 9) y:  (512673, 2)
training set idx:  [     0      1      3 ... 640838 640839 640840] X:  (512673, 9) y:  (512673, 2)
MSE:
Scores Mean: 7.1273 +- 0.0446
Scores Min: 7.1089, Scores Max: 7.1691
__________________>>>


<<<__________________
model idx =  16 	model df shape =  (706984, 7)
features data of control model
(706984, 11)
         id_k       iq_k      id_k1  ...     sin_id      cos_iq     cos_id
72  -73.01320  189.55350  -77.34772  ...  -4.146897  189.247518 -72.895340
192 -66.35738   54.35876  -96.66643  ...  45.534309   39.541361 -48.269334
270 -96.30245  209.94840 -133.22380  ...  68.059534  148.535646 -68.132678
287 -53.69075  190.55270  -88.04331  ...  53.357160   21.208562  -5.975794
323 -49.72754  189.61810  -67.36622  ...  14.024976  181.920309 -47.708786

[5 rows x 11 columns]
training set idx:  [     0      1      2 ... 706979 706981 706983] X:  (565587, 9) y:  (565587, 2)
training set idx:  [     1      2      4 ... 706978 706980 706982] X:  (565587, 9) y:  (565587, 2)
training set idx:  [     0      1      2 ... 706981 706982 706983] X:  (565587, 9) y:  (565587, 2)
training set idx:  [     0      2      3 ... 706981 706982 706983] X:  (565587, 9) y:  (565587, 2)
training set idx:  [     0      1      3 ... 706981 706982 706983] X:  (565588, 9) y:  (565588, 2)
MSE:
Scores Mean: 5.7365 +- 0.0266
Scores Min: 5.7184, Scores Max: 5.7565
__________________>>>


<<<__________________
model idx =  17 	model df shape =  (602125, 7)
features data of control model
(602125, 11)
          id_k       iq_k      id_k1  ...     sin_id      cos_iq      cos_id
78   -80.79939   49.03506  -37.41351  ... -74.087120  -19.567716   32.243451
145  -50.73140  204.89460  -67.10396  ...  12.015332  199.064970  -49.287998
172 -187.19290   30.35080 -211.54790  ...  45.917468   29.423538 -181.473877
179 -117.96550  124.85050  -94.68184  ... -72.010609   98.889604  -93.436242
222  -50.93673   28.33101  -50.42781  ... -15.648575   26.960918  -48.473421

[5 rows x 11 columns]
training set idx:  [     0      1      2 ... 602122 602123 602124] X:  (481700, 9) y:  (481700, 2)
training set idx:  [     1      2      4 ... 602119 602121 602122] X:  (481700, 9) y:  (481700, 2)
training set idx:  [     0      1      2 ... 602122 602123 602124] X:  (481700, 9) y:  (481700, 2)
training set idx:  [     0      2      3 ... 602121 602123 602124] X:  (481700, 9) y:  (481700, 2)
training set idx:  [     0      1      3 ... 602122 602123 602124] X:  (481700, 9) y:  (481700, 2)
MSE:
Scores Mean: 8.7483 +- 0.0647
Scores Min: 8.6927, Scores Max: 8.7904
__________________>>>


<<<__________________
model idx =  18 	model df shape =  (589720, 7)
features data of control model
(589720, 11)
          id_k       iq_k      id_k1  ...      sin_id      cos_iq      cos_id
87  -103.29430  146.97600 -129.46470  ...  102.675276  -16.066649   11.291594
157  -80.33257   11.55291 -118.61860  ...   54.807688    8.446445  -58.731926
168 -199.72410  114.59420 -204.58760  ...  167.166019  -62.708956  109.294273
267  -53.97058   14.62147  -36.80272  ...  -44.124426    8.419586  -31.078265
280 -118.31960  203.98100  -86.95066  ...   18.573070 -201.452202  116.852766

[5 rows x 11 columns]
training set idx:  [     0      1      2 ... 589717 589718 589719] X:  (471776, 9) y:  (471776, 2)
training set idx:  [     1      2      4 ... 589714 589716 589718] X:  (471776, 9) y:  (471776, 2)
training set idx:  [     0      1      2 ... 589717 589718 589719] X:  (471776, 9) y:  (471776, 2)
training set idx:  [     0      2      3 ... 589717 589718 589719] X:  (471776, 9) y:  (471776, 2)
training set idx:  [     0      1      3 ... 589716 589717 589719] X:  (471776, 9) y:  (471776, 2)
MSE:
Scores Mean: 5.1704 +- 0.0496
Scores Min: 5.1298, Scores Max: 5.1979
__________________>>>


<<<__________________
model idx =  19 	model df shape =  (1254441, 7)
features data of control model
(1254441, 11)
           id_k       iq_k       id_k1  ...      sin_id      cos_iq     cos_id
10   -98.452760   31.51896 -136.449200  ...   72.067931   21.473838 -67.075772
100 -101.202200  194.92640  -48.629300  ...  -38.371855 -180.371443  93.645534
193 -232.371300   17.15258 -190.830400  ... -230.044608    2.421212 -32.800906
211  -62.697870   16.11271  -61.964700  ...  -27.672207   14.458436 -56.260749
215   -1.804404  101.97100    8.319829  ...    0.529159  -97.487623   1.725069

[5 rows x 11 columns]
training set idx:  [      0       1       2 ... 1254438 1254439 1254440] X:  (1003552, 9) y:  (1003552, 2)
training set idx:  [      0       1       2 ... 1254436 1254437 1254440] X:  (1003553, 9) y:  (1003553, 2)
training set idx:  [      0       1       2 ... 1254438 1254439 1254440] X:  (1003553, 9) y:  (1003553, 2)
training set idx:  [      1       2       3 ... 1254437 1254438 1254439] X:  (1003553, 9) y:  (1003553, 2)
training set idx:  [      0       3       4 ... 1254438 1254439 1254440] X:  (1003553, 9) y:  (1003553, 2)
MSE:
Scores Mean: 7.2085 +- 0.0235
Scores Min: 7.1862, Scores Max: 7.2206
__________________>>>


<<<__________________
model idx =  20 	model df shape =  (563684, 7)
features data of control model
(563684, 11)
          id_k      iq_k      id_k1  ...     sin_id      cos_iq      cos_id
101 -128.27490  155.6659 -157.58950  ...  59.142531  138.133022 -113.827110
277 -130.38030  134.0238 -162.37890  ...  67.576856  114.616538 -111.500633
318  -52.03751  155.1290  -83.58662  ...  52.035042    1.510828   -0.506802
328  -99.10598  105.6470 -124.70050  ...  99.014815   -4.530410    4.249914
381  -51.53037  182.3184  -77.86350  ...  20.774447  166.845785  -47.157199

[5 rows x 11 columns]
training set idx:  [     0      1      2 ... 563681 563682 563683] X:  (450947, 9) y:  (450947, 2)
training set idx:  [     1      2      4 ... 563681 563682 563683] X:  (450947, 9) y:  (450947, 2)
training set idx:  [     0      2      3 ... 563679 563680 563682] X:  (450947, 9) y:  (450947, 2)
training set idx:  [     0      1      2 ... 563680 563681 563683] X:  (450947, 9) y:  (450947, 2)
training set idx:  [     0      1      3 ... 563681 563682 563683] X:  (450948, 9) y:  (450948, 2)
MSE:
Scores Mean: 6.0781 +- 0.0809
Scores Min: 6.0402, Scores Max: 6.1387
__________________>>>


<<<__________________
model idx =  21 	model df shape =  (1052217, 7)
features data of control model
(1052217, 11)
           id_k      iq_k       id_k1  ...     sin_id     cos_iq      cos_id
14  -104.737700  36.72026  -67.340940  ... -71.264324 -26.909852   76.755338
54   -14.741640  80.19804    6.459995  ... -14.084787 -23.672686    4.351406
74  -222.764500  13.86852 -264.829500  ... -23.507416  13.791086 -221.520708
81   -69.030760  53.29459  -95.707870  ... -40.644910  43.077111  -55.796390
107   -3.457843  29.58957    4.416228  ...   3.402386  -5.278126    0.616803

[5 rows x 11 columns]
training set idx:  [      0       1       2 ... 1052214 1052215 1052216] X:  (841773, 9) y:  (841773, 2)
training set idx:  [      0       1       2 ... 1052213 1052215 1052216] X:  (841773, 9) y:  (841773, 2)
training set idx:  [      1       2       4 ... 1052213 1052214 1052216] X:  (841774, 9) y:  (841774, 2)
training set idx:  [      0       2       3 ... 1052213 1052214 1052215] X:  (841774, 9) y:  (841774, 2)
training set idx:  [      0       1       3 ... 1052214 1052215 1052216] X:  (841774, 9) y:  (841774, 2)
MSE:
Scores Mean: 12.1565 +- 0.0723
Scores Min: 12.0842, Scores Max: 12.1776
__________________>>>


<<<__________________
model idx =  22 	model df shape =  (599094, 7)
features data of control model
(599094, 11)
          id_k       iq_k      id_k1  ...     sin_id      cos_iq      cos_id
58   -61.03283  110.48170  -10.94181  ...  12.845636 -108.006923   59.665702
68   -87.33755   77.46265  -50.51573  ... -67.592594  -49.055464   55.309031
69   -22.61904   72.09800  -44.68240  ...  16.350223   49.819910  -15.629817
99  -186.17240   66.52991 -223.34070  ...  31.860788   65.548423 -183.425878
125   -9.50546   99.87526  -34.08670  ...   7.165093   65.629908   -6.246216

[5 rows x 11 columns]
training set idx:  [     0      1      2 ... 599091 599092 599093] X:  (479275, 9) y:  (479275, 2)
training set idx:  [     1      2      4 ... 599090 599092 599093] X:  (479275, 9) y:  (479275, 2)
training set idx:  [     0      1      2 ... 599090 599091 599093] X:  (479275, 9) y:  (479275, 2)
training set idx:  [     0      2      3 ... 599090 599091 599092] X:  (479275, 9) y:  (479275, 2)
training set idx:  [     0      1      3 ... 599091 599092 599093] X:  (479276, 9) y:  (479276, 2)
MSE:
Scores Mean: 10.0808 +- 0.0710
Scores Min: 10.0464, Scores Max: 10.1346
__________________>>>


<<<__________________
model idx =  23 	model df shape =  (560923, 7)
features data of control model
(560923, 11)
           id_k       iq_k      id_k1  ...      sin_id      cos_iq      cos_id
41    -6.760247   36.06652   14.83239  ...    4.866957  -25.031558    4.691872
61   -94.763300  188.70810 -122.39810  ...  -53.676352  155.516785  -78.095661
131 -202.653500   46.03145 -227.92130  ...  133.226858   34.686137 -152.705747
739  -13.359710  112.62360  -49.91568  ...   -1.190589  112.175480  -13.306553
751  -80.989620   32.10511 -102.07450  ...   56.985313   22.813372  -57.549915

[5 rows x 11 columns]
training set idx:  [     0      1      2 ... 560917 560921 560922] X:  (448738, 9) y:  (448738, 2)
training set idx:  [     1      2      4 ... 560919 560920 560921] X:  (448738, 9) y:  (448738, 2)
training set idx:  [     0      2      3 ... 560920 560921 560922] X:  (448738, 9) y:  (448738, 2)
training set idx:  [     0      1      2 ... 560919 560920 560922] X:  (448739, 9) y:  (448739, 2)
training set idx:  [     0      1      3 ... 560920 560921 560922] X:  (448739, 9) y:  (448739, 2)
MSE:
Scores Mean: 6.0273 +- 0.0369
Scores Min: 6.0033, Scores Max: 6.0509
__________________>>>


<<<__________________
model idx =  24 	model df shape =  (737755, 7)
features data of control model
(737755, 11)
          id_k       iq_k      id_k1  ...     sin_id      cos_iq      cos_id
36   -21.02425  152.25790  -48.59299  ... -10.603892  131.473276  -18.154244
64  -152.90550  139.41600 -190.33390  ...  19.704478  138.253533 -151.630556
139  -67.44189   88.55013  -85.58274  ... -51.416926   57.302518  -43.642964
150  -85.84398   80.63418 -107.06000  ... -62.437515   55.337651  -58.913034
223  -19.16806  218.39340  -57.10117  ...   9.071291  192.388859  -16.885681

[5 rows x 11 columns]
training set idx:  [     0      1      2 ... 737751 737752 737753] X:  (590204, 9) y:  (590204, 2)
training set idx:  [     0      1      2 ... 737750 737752 737754] X:  (590204, 9) y:  (590204, 2)
training set idx:  [     1      2      3 ... 737751 737753 737754] X:  (590204, 9) y:  (590204, 2)
training set idx:  [     0      2      3 ... 737752 737753 737754] X:  (590204, 9) y:  (590204, 2)
training set idx:  [     0      1      3 ... 737752 737753 737754] X:  (590204, 9) y:  (590204, 2)
MSE:
Scores Mean: 6.1987 +- 0.0495
Scores Min: 6.1649, Scores Max: 6.2316
__________________>>>


<<<__________________
model idx =  25 	model df shape =  (1272356, 7)
features data of control model
(1272356, 11)
          id_k        iq_k       id_k1  ...      sin_id     cos_iq      cos_id
38   -17.12147   57.370710  -20.814380  ...  -16.673047  13.044168   -3.892846
60  -148.22390    0.873092 -181.521000  ...   95.924306   0.665607 -112.999345
129 -207.74470   11.893170 -227.731400  ...  180.675136   5.870283 -102.539532
185 -171.20160  122.565000 -178.640500  ... -159.667428  44.226230  -61.776211
199  -20.55130   46.780680   -3.895189  ...  -19.652623 -13.682434    6.010853

[5 rows x 11 columns]
training set idx:  [      0       1       2 ... 1272351 1272353 1272355] X:  (1017884, 9) y:  (1017884, 2)
training set idx:  [      0       1       2 ... 1272352 1272354 1272355] X:  (1017885, 9) y:  (1017885, 2)
training set idx:  [      0       1       2 ... 1272353 1272354 1272355] X:  (1017885, 9) y:  (1017885, 2)
training set idx:  [      1       2       3 ... 1272352 1272353 1272354] X:  (1017885, 9) y:  (1017885, 2)
training set idx:  [      0       3       4 ... 1272353 1272354 1272355] X:  (1017885, 9) y:  (1017885, 2)
MSE:
Scores Mean: 8.0561 +- 0.0583
Scores Min: 8.0027, Scores Max: 8.0836
__________________>>>


<<<__________________
model idx =  26 	model df shape =  (654471, 7)
features data of control model
(654471, 11)
          id_k      iq_k      id_k1  ...     sin_id     cos_iq      cos_id
11  -116.13460  55.32195  -69.68085  ... -65.503931 -45.682165   95.898281
20  -134.74150  85.36557 -162.45230  ... -88.754656  64.229301 -101.379894
67   -93.46631  92.48859  -45.94097  ... -63.872205 -67.523227   68.237032
160   -7.43152   4.42555   14.73326  ...   4.439564  -3.549052    5.959678
261 -116.92890  29.62723 -155.48140  ... -26.869126  28.834410 -113.799902

[5 rows x 11 columns]
training set idx:  [     0      1      2 ... 654465 654466 654468] X:  (523576, 9) y:  (523576, 2)
training set idx:  [     1      2      4 ... 654467 654469 654470] X:  (523577, 9) y:  (523577, 2)
training set idx:  [     0      1      2 ... 654468 654469 654470] X:  (523577, 9) y:  (523577, 2)
training set idx:  [     0      2      3 ... 654468 654469 654470] X:  (523577, 9) y:  (523577, 2)
training set idx:  [     0      1      3 ... 654468 654469 654470] X:  (523577, 9) y:  (523577, 2)
MSE:
Scores Mean: 9.2809 +- 0.0380
Scores Min: 9.2561, Scores Max: 9.3125
__________________>>>


<<<__________________
model idx =  27 	model df shape =  (578561, 7)
features data of control model
(578561, 11)
          id_k       iq_k     id_k1  ...      sin_id     cos_iq     cos_id
2   -127.07240  171.74380 -92.96102  ...  116.987192 -67.053308  49.612416
161  -35.89348   66.59647 -16.67269  ...   34.734263 -16.788257   9.048362
164  -53.46497   33.02320 -88.22852  ...   11.908262  32.193662 -52.121937
486  -48.32907   11.91742 -10.43795  ...   14.758234 -11.348171  46.020577
532  -22.44875   57.47741 -56.76858  ...   -9.386831  52.211348 -20.392003

[5 rows x 11 columns]
training set idx:  [     0      1      2 ... 578558 578559 578560] X:  (462848, 9) y:  (462848, 2)
training set idx:  [     1      2      4 ... 578558 578559 578560] X:  (462849, 9) y:  (462849, 2)
training set idx:  [     0      1      2 ... 578556 578557 578559] X:  (462849, 9) y:  (462849, 2)
training set idx:  [     0      2      3 ... 578558 578559 578560] X:  (462849, 9) y:  (462849, 2)
training set idx:  [     0      1      3 ... 578557 578558 578560] X:  (462849, 9) y:  (462849, 2)
MSE:
Scores Mean: 5.5468 +- 0.0195
Scores Min: 5.5368, Scores Max: 5.5633
__________________>>>


<<<__________________
model idx =  28 	model df shape =  (1042593, 7)
features data of control model
(1042593, 11)
           id_k       iq_k     id_k1  ...     sin_id      cos_iq     cos_id
13   -78.229290  177.59110 -46.51734  ... -67.826976   88.486475 -38.978497
21   -99.024820   48.57312 -55.81282  ... -44.699003   43.343048 -88.362402
30   -78.342220   95.25872 -73.80741  ...  77.843559  -10.730805   8.825177
66  -100.465800  126.89470 -45.09721  ... -28.385360  121.724533 -96.372446
144   -7.963498   18.57639  20.58708  ...   0.561048   18.530230  -7.943710

[5 rows x 11 columns]
training set idx:  [      0       1       2 ... 1042587 1042588 1042589] X:  (834074, 9) y:  (834074, 2)
training set idx:  [      0       1       2 ... 1042590 1042591 1042592] X:  (834074, 9) y:  (834074, 2)
training set idx:  [      1       2       4 ... 1042590 1042591 1042592] X:  (834074, 9) y:  (834074, 2)
training set idx:  [      0       2       3 ... 1042590 1042591 1042592] X:  (834075, 9) y:  (834075, 2)
training set idx:  [      0       1       3 ... 1042590 1042591 1042592] X:  (834075, 9) y:  (834075, 2)
MSE:
Scores Mean: 9.3858 +- 0.0406
Scores Min: 9.3478, Scores Max: 9.4085
__________________>>>


<<<__________________
model idx =  29 	model df shape =  (577392, 7)
features data of control model
(577392, 11)
          id_k       iq_k      id_k1  ...      sin_id      cos_iq      cos_id
49   -67.81248   62.32925  -74.16735  ...   65.227134  -17.046377   18.545981
127 -198.24680  125.05840 -217.04130  ... -140.755150  -88.066384  139.605807
284  -12.69595   61.95420  -31.25119  ...   -9.804266  -39.361740    8.066195
347 -215.68040   20.49420 -241.96590  ... -151.277599  -14.607667  153.730684
394  -20.23825  152.02190  -52.89297  ...    8.894215 -136.554369   18.179101

[5 rows x 11 columns]
training set idx:  [     0      1      2 ... 577387 577389 577390] X:  (461913, 9) y:  (461913, 2)
training set idx:  [     1      2      4 ... 577389 577390 577391] X:  (461913, 9) y:  (461913, 2)
training set idx:  [     0      1      2 ... 577389 577390 577391] X:  (461914, 9) y:  (461914, 2)
training set idx:  [     0      2      3 ... 577388 577390 577391] X:  (461914, 9) y:  (461914, 2)
training set idx:  [     0      1      3 ... 577388 577389 577391] X:  (461914, 9) y:  (461914, 2)
MSE:
Scores Mean: 5.3838 +- 0.0344
Scores Min: 5.3572, Scores Max: 5.4068
__________________>>>


<<<__________________
model idx =  30 	model df shape =  (648669, 7)
features data of control model
(648669, 11)
          id_k      iq_k      id_k1  ...      sin_id     cos_iq      cos_id
22   -73.96267  71.09933  -69.60040  ...   73.556675  -7.439393    7.738995
47  -116.40750  82.26100  -60.93958  ...   -9.266606  81.999944 -116.038080
515 -129.06130  97.45712 -145.09130  ...  109.583461 -51.483003   68.178326
700 -136.13350  70.35457  -96.88715  ...  -97.441824  49.130315  -95.065350
704  -48.19618  45.91952  -83.26694  ...    4.870027 -45.684493   47.949501

[5 rows x 11 columns]
training set idx:  [     0      1      2 ... 648664 648666 648667] X:  (518935, 9) y:  (518935, 2)
training set idx:  [     1      2      4 ... 648665 648666 648668] X:  (518935, 9) y:  (518935, 2)
training set idx:  [     0      1      2 ... 648665 648667 648668] X:  (518935, 9) y:  (518935, 2)
training set idx:  [     0      2      3 ... 648666 648667 648668] X:  (518935, 9) y:  (518935, 2)
training set idx:  [     0      1      3 ... 648666 648667 648668] X:  (518936, 9) y:  (518936, 2)
MSE:
Scores Mean: 8.5462 +- 0.0851
Scores Min: 8.4953, Scores Max: 8.6120
__________________>>>


<<<__________________
model idx =  31 	model df shape =  (1261304, 7)
features data of control model
(1261304, 11)
          id_k       iq_k       id_k1  ...      sin_id     cos_iq      cos_id
32   -14.49148  36.188880    5.479383  ...   12.569561  18.009521   -7.211735
43  -137.77890  32.983180  -95.454020  ...  -87.806676  25.417323 -106.174446
59  -172.49530   1.387007 -139.412600  ...  134.288113   0.870542 -108.265096
106 -146.99700  29.913800 -134.815300  ... -146.098153   3.303013  -16.231073
122 -190.39970  18.962200 -220.427800  ...  135.927103 -13.278159  133.326173

[5 rows x 11 columns]
training set idx:  [      0       1       2 ... 1261301 1261302 1261303] X:  (1009043, 9) y:  (1009043, 2)
training set idx:  [      0       1       2 ... 1261301 1261302 1261303] X:  (1009043, 9) y:  (1009043, 2)
training set idx:  [      0       1       2 ... 1261300 1261302 1261303] X:  (1009043, 9) y:  (1009043, 2)
training set idx:  [      1       2       3 ... 1261298 1261300 1261301] X:  (1009043, 9) y:  (1009043, 2)
training set idx:  [      0       3       4 ... 1261301 1261302 1261303] X:  (1009044, 9) y:  (1009044, 2)
MSE:
Scores Mean: 7.8381 +- 0.0346
Scores Min: 7.8161, Scores Max: 7.8614
__________________>>>


<<<__________________
model idx =  32 	model df shape =  (718738, 7)
features data of control model
(718738, 11)
          id_k        iq_k      id_k1  ...     sin_id     cos_iq      cos_id
27   -89.80032   61.754120  -91.00605  ... -87.472249 -13.970339   20.315096
62  -141.75200   81.206970 -176.33230  ... -19.147502 -80.462711  140.452849
65   -70.23008    3.472936 -100.35750  ... -40.843556  -2.825226   57.132023
95  -119.84820   31.387580 -148.36880  ... -63.239626 -26.662272  101.805406
325  -29.29222  107.219000  -58.90891  ... -15.041153 -92.004390   25.135590

[5 rows x 11 columns]
training set idx:  [     0      1      2 ... 718731 718732 718736] X:  (574990, 9) y:  (574990, 2)
training set idx:  [     1      2      4 ... 718735 718736 718737] X:  (574990, 9) y:  (574990, 2)
training set idx:  [     0      1      2 ... 718734 718735 718737] X:  (574990, 9) y:  (574990, 2)
training set idx:  [     0      2      3 ... 718735 718736 718737] X:  (574991, 9) y:  (574991, 2)
training set idx:  [     0      1      3 ... 718735 718736 718737] X:  (574991, 9) y:  (574991, 2)
MSE:
Scores Mean: 5.4017 +- 0.0469
Scores Min: 5.3709, Scores Max: 5.4293
__________________>>>


<<<__________________
model idx =  33 	model df shape =  (573614, 7)
features data of control model
(573614, 11)
         id_k       iq_k      id_k1  ...     sin_id      cos_iq     cos_id
0   -81.45802  229.52930 -105.73820  ... -63.875985 -142.436888  50.549655
35  -92.75644   30.52646 -125.11890  ... -32.182153  -28.630230  86.994633
48  -70.43214   21.24767  -81.75931  ... -63.535927   -9.169516  30.395267
73  -99.98555   90.40701 -126.46340  ... -53.862244  -76.167678  84.237574
128 -95.60590   92.64967  -54.04612  ...  52.534454   77.408847 -79.878779

[5 rows x 11 columns]
training set idx:  [     0      1      2 ... 573608 573611 573613] X:  (458891, 9) y:  (458891, 2)
training set idx:  [     1      2      4 ... 573611 573612 573613] X:  (458891, 9) y:  (458891, 2)
training set idx:  [     0      1      2 ... 573610 573612 573613] X:  (458891, 9) y:  (458891, 2)
training set idx:  [     0      2      3 ... 573610 573611 573612] X:  (458891, 9) y:  (458891, 2)
training set idx:  [     0      1      3 ... 573611 573612 573613] X:  (458892, 9) y:  (458892, 2)
MSE:
Scores Mean: 5.6571 +- 0.0195
Scores Min: 5.6403, Scores Max: 5.6687
__________________>>>


<<<__________________
model idx =  34 	model df shape =  (588547, 7)
features data of control model
(588547, 11)
          id_k       iq_k      id_k1  ...      sin_id      cos_iq      cos_id
7   -126.31010   20.04385  -90.52465  ...  -59.507594   17.680029 -111.414037
97   -45.31849  215.18270  -85.15915  ...    5.633013 -213.513935   44.967040
142 -238.71950   46.38823 -221.56990  ...  232.752889   10.306516  -53.038591
251  -30.12458   56.96618  -64.09652  ...    1.379815  -56.906392   30.092963
604 -175.86220   87.44379 -202.12890  ... -113.430631  -66.823225  134.391240

[5 rows x 11 columns]
training set idx:  [     0      1      2 ... 588542 588545 588546] X:  (470837, 9) y:  (470837, 2)
training set idx:  [     1      2      4 ... 588544 588545 588546] X:  (470837, 9) y:  (470837, 2)
training set idx:  [     0      1      2 ... 588543 588544 588545] X:  (470838, 9) y:  (470838, 2)
training set idx:  [     0      2      3 ... 588544 588545 588546] X:  (470838, 9) y:  (470838, 2)
training set idx:  [     0      1      3 ... 588543 588544 588546] X:  (470838, 9) y:  (470838, 2)
MSE:
Scores Mean: 9.1807 +- 0.0826
Scores Min: 9.1141, Scores Max: 9.2394
__________________>>>


<<<__________________
model idx =  35 	model df shape =  (1049703, 7)
features data of control model
(1049703, 11)
          id_k        iq_k      id_k1  ...      sin_id      cos_iq      cos_id
8  -132.947500    8.375214 -131.75790  ...  -70.918250    7.084124 -112.452833
15  -11.403290    2.376450  -33.33082  ...   -3.574596   -2.256672   10.828540
37   -1.767437    8.564042  -33.85494  ...   -1.577039   -3.866603    0.797985
39 -139.089000  101.758100  -83.72354  ...  125.302764   44.169555  -60.373564
42 -162.876400  132.243200 -192.71370  ...  -75.190919 -117.308349  144.481997

[5 rows x 11 columns]
training set idx:  [      0       1       2 ... 1049700 1049701 1049702] X:  (839762, 9) y:  (839762, 2)
training set idx:  [      0       1       2 ... 1049699 1049701 1049702] X:  (839762, 9) y:  (839762, 2)
training set idx:  [      1       2       4 ... 1049699 1049700 1049702] X:  (839762, 9) y:  (839762, 2)
training set idx:  [      0       2       3 ... 1049699 1049700 1049701] X:  (839763, 9) y:  (839763, 2)
training set idx:  [      0       1       3 ... 1049700 1049701 1049702] X:  (839763, 9) y:  (839763, 2)
MSE:
Scores Mean: 10.2659 +- 0.0442
Scores Min: 10.2432, Scores Max: 10.2982
__________________>>>


<<<__________________
model idx =  36 	model df shape =  (558381, 7)
features data of control model
(558381, 11)
          id_k        iq_k      id_k1  ...     sin_id     cos_iq     cos_id
184  -60.98479  178.464300  -84.90783  ... -58.552988  49.893796 -17.049700
310  -95.69021   23.789220 -109.01110  ...   9.764109 -23.665050  95.190748
334  -42.67559    6.653979  -14.54663  ...  42.610484  -0.367410   2.356400
349  -92.56556   55.461490 -123.51890  ... -89.218812 -14.778552  24.665492
436 -102.56590   24.084010  -64.75565  ...  99.209314   6.110948 -26.024524

[5 rows x 11 columns]
training set idx:  [     1      2      4 ... 558375 558378 558379] X:  (446704, 9) y:  (446704, 2)
training set idx:  [     0      1      2 ... 558377 558378 558380] X:  (446705, 9) y:  (446705, 2)
training set idx:  [     0      2      3 ... 558377 558379 558380] X:  (446705, 9) y:  (446705, 2)
training set idx:  [     0      1      2 ... 558378 558379 558380] X:  (446705, 9) y:  (446705, 2)
training set idx:  [     0      1      3 ... 558378 558379 558380] X:  (446705, 9) y:  (446705, 2)
MSE:
Scores Mean: 6.3702 +- 0.0519
Scores Min: 6.3364, Scores Max: 6.3945
__________________>>>


<<<__________________
model idx =  37 	model df shape =  (1256704, 7)
features data of control model
(1256704, 11)
          id_k        iq_k      id_k1  ...      sin_id     cos_iq      cos_id
56   -82.86829   29.333370 -103.27770  ...   -7.741905 -29.205077   82.505857
84  -135.17960    8.920738 -137.72000  ...   45.438284  -8.401682  127.314126
88  -141.09280  146.808500 -145.29980  ... -106.766734  95.975676  -92.239052
181  -69.62686   21.954610  -46.85271  ...   -4.620908  21.906207  -69.473353
196 -205.71040  106.662000 -172.34800  ...  174.479526 -56.499661  108.966342

[5 rows x 11 columns]
training set idx:  [      0       1       2 ... 1256699 1256701 1256703] X:  (1005363, 9) y:  (1005363, 2)
training set idx:  [      0       1       2 ... 1256700 1256702 1256703] X:  (1005363, 9) y:  (1005363, 2)
training set idx:  [      0       1       2 ... 1256701 1256702 1256703] X:  (1005363, 9) y:  (1005363, 2)
training set idx:  [      1       2       3 ... 1256700 1256701 1256702] X:  (1005363, 9) y:  (1005363, 2)
training set idx:  [      0       3       4 ... 1256701 1256702 1256703] X:  (1005364, 9) y:  (1005364, 2)
MSE:
Scores Mean: 7.3124 +- 0.0309
Scores Min: 7.2901, Scores Max: 7.3346
__________________>>>


<<<__________________
model idx =  38 	model df shape =  (597456, 7)
features data of control model
(597456, 11)
          id_k      iq_k      id_k1  ...      sin_id     cos_iq     cos_id
358  -35.40217  54.08156  -14.06424  ...   -7.208168  52.948685 -34.660582
383  -39.91151  97.27003  -10.45073  ...    1.777377  97.173530 -39.871914
462 -174.33460  37.36115 -123.59870  ...  167.076318  10.668228 -49.780084
533 -124.15600  31.11611 -160.81940  ... -120.793475  -7.192645  28.699281
567 -101.38500  58.66072 -100.47770  ...   43.851752 -52.889735  91.410842

[5 rows x 11 columns]
training set idx:  [     0      1      2 ... 597453 597454 597455] X:  (477964, 9) y:  (477964, 2)
training set idx:  [     1      2      4 ... 597453 597454 597455] X:  (477965, 9) y:  (477965, 2)
training set idx:  [     0      1      2 ... 597452 597453 597454] X:  (477965, 9) y:  (477965, 2)
training set idx:  [     0      2      3 ... 597451 597452 597455] X:  (477965, 9) y:  (477965, 2)
training set idx:  [     0      1      3 ... 597453 597454 597455] X:  (477965, 9) y:  (477965, 2)
MSE:
Scores Mean: 5.7332 +- 0.0351
Scores Min: 5.7192, Scores Max: 5.7667
__________________>>>


<<<__________________
model idx =  39 	model df shape =  (593412, 7)
features data of control model
(593412, 11)
          id_k       iq_k      id_k1  ...     sin_id      cos_iq      cos_id
187 -117.65140  156.48700 -134.50500  ... -19.955634 -154.219522  115.946645
253 -152.32600   37.24401 -164.38170  ...   2.608555  -37.238549  152.303663
399  -88.22139  122.21570  -87.45885  ...  18.666776 -119.448552   86.223924
571  -45.60738   49.42226  -43.08335  ... -25.150121   41.228492  -38.046084
584 -113.54570   49.59646 -144.59200  ... -70.610516  -38.840056   88.920083

[5 rows x 11 columns]
training set idx:  [     0      1      2 ... 593407 593409 593410] X:  (474729, 9) y:  (474729, 2)
training set idx:  [     1      2      4 ... 593408 593409 593411] X:  (474729, 9) y:  (474729, 2)
training set idx:  [     0      1      2 ... 593408 593410 593411] X:  (474730, 9) y:  (474730, 2)
training set idx:  [     0      2      3 ... 593409 593410 593411] X:  (474730, 9) y:  (474730, 2)
training set idx:  [     0      1      3 ... 593409 593410 593411] X:  (474730, 9) y:  (474730, 2)
MSE:
Scores Mean: 7.6765 +- 0.0360
Scores Min: 7.6442, Scores Max: 7.6979
__________________>>>


<<<__________________
model idx =  40 	model df shape =  (717718, 7)
features data of control model
(717718, 11)
          id_k        iq_k      id_k1  ...      sin_id      cos_iq     cos_id
53   -33.91410  109.365900   11.24847  ...   33.688986   12.580156  -3.901076
96  -196.33440   74.393710 -225.62690  ... -196.060699   -3.926807  10.363341
108  -42.32437  150.042000  -77.57249  ...  -29.634317 -107.126194  30.218530
140  -70.48242    7.562684  -92.73782  ...  -11.039038   -7.469351  69.612579
170  -57.19635   99.881400  -90.66348  ...  -53.600401  -34.856725  19.960448

[5 rows x 11 columns]
training set idx:  [     0      1      2 ... 717710 717711 717712] X:  (574174, 9) y:  (574174, 2)
training set idx:  [     1      2      4 ... 717715 717716 717717] X:  (574174, 9) y:  (574174, 2)
training set idx:  [     0      1      2 ... 717715 717716 717717] X:  (574174, 9) y:  (574174, 2)
training set idx:  [     0      2      3 ... 717715 717716 717717] X:  (574175, 9) y:  (574175, 2)
training set idx:  [     0      1      3 ... 717715 717716 717717] X:  (574175, 9) y:  (574175, 2)
MSE:
Scores Mean: 5.4257 +- 0.0290
Scores Min: 5.4003, Scores Max: 5.4432
__________________>>>


<<<__________________
model idx =  41 	model df shape =  (661480, 7)
features data of control model
(661480, 11)
           id_k       iq_k      id_k1  ...      sin_id      cos_iq      cos_id
40  -100.449300  169.33510  -65.76162  ...   70.495142 -120.630221   71.557647
76  -104.903300   48.10384  -68.42178  ...  100.337490  -14.037228   30.611934
147   -9.860373   24.08906   15.00876  ...    4.558522   21.360247   -8.743388
441  -85.566410   58.69075 -122.62140  ...  -74.224150  -29.200596   42.572128
523 -112.081400   82.60967 -105.41450  ...   43.664170  -76.083054  103.226356

[5 rows x 11 columns]
training set idx:  [     0      1      2 ... 661477 661478 661479] X:  (529184, 9) y:  (529184, 2)
training set idx:  [     1      2      4 ... 661476 661477 661478] X:  (529184, 9) y:  (529184, 2)
training set idx:  [     0      1      2 ... 661477 661478 661479] X:  (529184, 9) y:  (529184, 2)
training set idx:  [     0      2      3 ... 661475 661476 661479] X:  (529184, 9) y:  (529184, 2)
training set idx:  [     0      1      3 ... 661477 661478 661479] X:  (529184, 9) y:  (529184, 2)
MSE:
Scores Mean: 6.2988 +- 0.0261
Scores Min: 6.2844, Scores Max: 6.3229
__________________>>>


<<<__________________
model idx =  42 	model df shape =  (1053578, 7)
features data of control model
(1053578, 11)
          id_k       iq_k      id_k1  ...      sin_id      cos_iq      cos_id
29   -44.44529  172.58070  -42.41548  ...   35.023908  106.248597  -27.362560
86   -58.55313   24.63182  -48.20810  ...  -37.634398  -18.870067   44.856673
169  -80.20702  138.51160  -57.58211  ...   33.037112  126.215919  -73.087039
177 -106.17020  132.08600  -71.51812  ...   16.840476  130.413801 -104.826093
252 -147.44610   40.23976 -184.48310  ...  123.429735  -22.012069   80.656388

[5 rows x 11 columns]
training set idx:  [      0       1       2 ... 1053573 1053575 1053577] X:  (842862, 9) y:  (842862, 2)
training set idx:  [      0       1       2 ... 1053574 1053576 1053577] X:  (842862, 9) y:  (842862, 2)
training set idx:  [      1       2       4 ... 1053575 1053576 1053577] X:  (842862, 9) y:  (842862, 2)
training set idx:  [      0       2       3 ... 1053574 1053575 1053576] X:  (842863, 9) y:  (842863, 2)
training set idx:  [      0       1       3 ... 1053575 1053576 1053577] X:  (842863, 9) y:  (842863, 2)
MSE:
Scores Mean: 10.3201 +- 0.0621
Scores Min: 10.2807, Scores Max: 10.3688
__________________>>>


<<<__________________
model idx =  43 	model df shape =  (1247070, 7)
features data of control model
(1247070, 11)
          id_k        iq_k      id_k1  ...      sin_id      cos_iq      cos_id
1   -140.68210  112.423400 -174.89710  ...  140.573364   -4.419312    5.530149
98   -96.01604   60.527740 -130.64340  ...   95.797706   -4.079542    6.471437
126  -70.49731  130.190700 -104.61640  ...   35.360314 -112.629148   60.987858
149 -154.03270   74.077110 -129.41960  ...   23.484557   73.211068 -152.231890
208  -56.79646    9.654714  -91.24666  ...   56.626591   -0.746150    4.389431

[5 rows x 11 columns]
training set idx:  [      0       1       2 ... 1247067 1247068 1247069] X:  (997656, 9) y:  (997656, 2)
training set idx:  [      0       1       2 ... 1247065 1247066 1247069] X:  (997656, 9) y:  (997656, 2)
training set idx:  [      0       1       2 ... 1247067 1247068 1247069] X:  (997656, 9) y:  (997656, 2)
training set idx:  [      1       2       3 ... 1247066 1247067 1247068] X:  (997656, 9) y:  (997656, 2)
training set idx:  [      0       3       4 ... 1247067 1247068 1247069] X:  (997656, 9) y:  (997656, 2)
MSE:
Scores Mean: 7.2333 +- 0.0390
Scores Min: 7.2055, Scores Max: 7.2555
__________________>>>


<<<__________________
model idx =  44 	model df shape =  (594975, 7)
features data of control model
(594975, 11)
          id_k        iq_k       id_k1  ...      sin_id     cos_iq     cos_id
33  -155.60360   24.614410 -186.367100  ...  155.022793   2.124735 -13.431822
155  -16.70955  108.143800    2.603435  ...    7.282322  97.333187 -15.039177
247 -152.99910    6.104716 -191.100900  ...  134.754834  -2.891015  72.455913
268 -131.90120   36.639420 -164.254800  ...  130.621374  -5.091651  18.329843
331 -157.75160   37.160080 -181.250100  ...  149.884700  11.588400 -49.194959

[5 rows x 11 columns]
training set idx:  [     0      1      2 ... 594972 594973 594974] X:  (475980, 9) y:  (475980, 2)
training set idx:  [     1      2      4 ... 594972 594973 594974] X:  (475980, 9) y:  (475980, 2)
training set idx:  [     0      1      2 ... 594971 594972 594974] X:  (475980, 9) y:  (475980, 2)
training set idx:  [     0      2      3 ... 594970 594971 594973] X:  (475980, 9) y:  (475980, 2)
training set idx:  [     0      1      3 ... 594972 594973 594974] X:  (475980, 9) y:  (475980, 2)
MSE:
Scores Mean: 8.7297 +- 0.0622
Scores Min: 8.6927, Scores Max: 8.7763
__________________>>>


<<<__________________
model idx =  45 	model df shape =  (636526, 7)
features data of control model
(636526, 11)
         id_k       iq_k     id_k1  ...      sin_id      cos_iq      cos_id
71  -165.3995  137.27570 -108.7866  ...  -72.600202  123.344567 -148.614283
118 -171.6501   34.15797 -209.6336  ...  166.817046   -8.048540   40.445396
121 -127.5644   11.94914 -146.2795  ...  -10.156206  -11.911208  127.159458
175 -145.4564   83.11560 -121.6882  ...   22.384275   82.125527 -143.723723
240 -107.1354   21.36718 -115.0193  ...  -31.998530  -20.391881  102.245235

[5 rows x 11 columns]
training set idx:  [     0      1      2 ... 636523 636524 636525] X:  (509220, 9) y:  (509220, 2)
training set idx:  [     1      2      4 ... 636518 636520 636522] X:  (509221, 9) y:  (509221, 2)
training set idx:  [     0      1      2 ... 636523 636524 636525] X:  (509221, 9) y:  (509221, 2)
training set idx:  [     0      2      3 ... 636523 636524 636525] X:  (509221, 9) y:  (509221, 2)
training set idx:  [     0      1      3 ... 636523 636524 636525] X:  (509221, 9) y:  (509221, 2)
MSE:
Scores Mean: 7.4917 +- 0.0627
Scores Min: 7.4603, Scores Max: 7.5448
__________________>>>


<<<__________________
model idx =  46 	model df shape =  (567789, 7)
features data of control model
(567789, 11)
          id_k      iq_k      id_k1  ...      sin_id     cos_iq      cos_id
6   -174.99750  16.06845 -152.52910  ... -138.056897  -9.874248  107.537985
70  -150.32110  42.97408 -185.37800  ...  118.443855 -26.461432   92.560716
102  -27.26781  66.83054   -9.38579  ...  -20.240006 -44.783401   18.272264
120  -84.36935  11.60143  -83.71510  ...  -33.712074 -10.635025   77.341343
213 -122.78000  11.12145 -160.24880  ...  119.065069  -2.715050   29.973951

[5 rows x 11 columns]
training set idx:  [     0      1      2 ... 567783 567786 567787] X:  (454231, 9) y:  (454231, 2)
training set idx:  [     1      2      4 ... 567785 567787 567788] X:  (454231, 9) y:  (454231, 2)
training set idx:  [     0      2      3 ... 567786 567787 567788] X:  (454231, 9) y:  (454231, 2)
training set idx:  [     0      1      2 ... 567785 567786 567788] X:  (454231, 9) y:  (454231, 2)
training set idx:  [     0      1      3 ... 567786 567787 567788] X:  (454232, 9) y:  (454232, 2)
MSE:
Scores Mean: 6.0220 +- 0.0803
Scores Min: 5.9487, Scores Max: 6.0714
__________________>>>


<<<__________________
model idx =  47 	model df shape =  (599525, 7)
features data of control model
(599525, 11)
          id_k       iq_k       id_k1  ...      sin_id      cos_iq     cos_id
28   -46.21840   92.04665   -3.223226  ...  -17.528636   85.169984 -42.765493
182 -190.30110   99.07261 -212.415300  ...  167.553811   46.971088 -90.223219
234  -30.41360   81.04754  -61.659600  ...   18.971966  -63.345542  23.770814
361  -26.93258  225.34430  -53.829560  ...    4.099081 -222.719049  26.618817
432  -42.33422  118.69120  -46.413230  ...   33.649071   72.023570 -25.689029

[5 rows x 11 columns]
training set idx:  [     0      1      2 ... 599519 599520 599524] X:  (479620, 9) y:  (479620, 2)
training set idx:  [     1      2      4 ... 599522 599523 599524] X:  (479620, 9) y:  (479620, 2)
training set idx:  [     0      1      2 ... 599521 599522 599523] X:  (479620, 9) y:  (479620, 2)
training set idx:  [     0      2      3 ... 599522 599523 599524] X:  (479620, 9) y:  (479620, 2)
training set idx:  [     0      1      3 ... 599522 599523 599524] X:  (479620, 9) y:  (479620, 2)
MSE:
Scores Mean: 5.4175 +- 0.0468
Scores Min: 5.3732, Scores Max: 5.4352
__________________>>>


<<<__________________
model idx =  48 	model df shape =  (723542, 7)
features data of control model
(723542, 11)
          id_k        iq_k      id_k1  ...      sin_id      cos_iq      cos_id
5   -101.88310  171.452000 -131.41590  ...   49.266089 -150.074326   89.179698
44  -121.48570   43.341240  -85.08702  ... -120.411406   -5.751129   16.120441
93   -58.67707   87.058820  -20.25330  ...  -13.477796   84.731111  -57.108209
173  -63.84961   64.505040  -92.66380  ...   63.761910   -3.379720    3.345379
176 -142.87360    6.473952 -128.15780  ...   22.316948    6.394486 -141.119876

[5 rows x 11 columns]
training set idx:  [     0      1      2 ... 723538 723539 723540] X:  (578833, 9) y:  (578833, 2)
training set idx:  [     1      2      4 ... 723537 723540 723541] X:  (578833, 9) y:  (578833, 2)
training set idx:  [     0      1      2 ... 723538 723539 723541] X:  (578834, 9) y:  (578834, 2)
training set idx:  [     0      2      3 ... 723539 723540 723541] X:  (578834, 9) y:  (578834, 2)
training set idx:  [     0      1      3 ... 723539 723540 723541] X:  (578834, 9) y:  (578834, 2)
MSE:
Scores Mean: 5.6103 +- 0.0402
Scores Min: 5.5758, Scores Max: 5.6310
__________________>>>

Backend Qt5Agg is interactive backend. Turning interactive mode on.
Total MSE:
Total Scores Mean: 6.1016 +- 0.0063
Total Scores Min: 6.0966, Scores Max: 6.1061

Process finished with exit code 0